


ARM Macro Assembler    Page 1 


    1 00000000         ; StringConversion.s
    2 00000000         ; Student names: Yunjae Jo, Hyukjoo Chung
    3 00000000         ; Last modification date: change this to the last modifi
                       cation date or look very silly
    4 00000000         ; Runs on TM4C123
    5 00000000         ; ECE319K lab 7 number to string conversions
    6 00000000         ;
    7 00000000         ; Used in ECE319K Labs 7,8,9,10. You write these two fun
                       ctions
    8 00000000         
    9 00000000         
   10 00000000                 EXPORT           Dec2String
   11 00000000                 EXPORT           Fix2String
   12 00000000                 AREA             |.text|, CODE, READONLY, ALIGN=
2
   13 00000000                 THUMB
   14 00000000                 PRESERVE8
   15 00000000         
   16 00000000         
   17 00000000         ;-----------------------Dec2String----------------------
                       -
   18 00000000         ; Convert a 32-bit number into unsigned decimal format
   19 00000000         ; String the string into the empty array add null-termin
                       ation
   20 00000000         ; Input: R0 (call by value) 32-bit unsigned number
   21 00000000         ;        R1 pointer to empty array
   22 00000000         ; Output: none
   23 00000000         ; Invariables: This function must not permanently modify
                        registers R4 to R11
   24 00000000         Dec2String
   25 00000000 E92D 0FF0       PUSH             {R4-R11}
   26 00000004 F04F 020A       MOV              R2, #10
   27 00000008 F04F 050A       MOV              R5, #10
   28 0000000C F04F 0900       MOV              R9,#0
   29 00000010 F04F 0601 
                       HTD     MOV              R6, #1
   30 00000014 1E52            SUBS             R2, R2, #1
   31 00000016 4613            MOV              R3, R2
   32 00000018 2B00    DBP     CMP              R3, #0
   33 0000001A D004            BEQ              CHK
   34 0000001C FB06 F605       MUL              R6, R6, R5
   35 00000020 F113 33FF       ADDS             R3, R3, #-1
   36 00000024 E7F8            B                DBP
   37 00000026 F1B9 0F00 
                       CHK     CMP              R9,#0
   38 0000002A D105            BNE              ODL
   39 0000002C 2800            CMP              R0,#0
   40 0000002E D010            BEQ              SPL
   41 00000030 42B0            CMP              R0,R6
   42 00000032 D3ED            BLO              HTD
   43 00000034 F119 0901       ADDS             R9,R9,#1
   44 00000038         
   45 00000038 FBB0 F7F6 
                       ODL     UDIV             R7, R0, R6
   46 0000003C FB07 F806 
                       CNT     MUL              R8, R7, R6
   47 00000040 F107 0730       ADD              R7, R7, #48
   48 00000044 700F            STRB             R7, [R1]
   49 00000046 1C49            ADDS             R1, R1, #1



ARM Macro Assembler    Page 2 


   50 00000048 EBB0 0008       SUBS             R0, R0, R8
   51 0000004C 2A00            CMP              R2, #0
   52 0000004E D1DF            BNE              HTD
   53 00000050 E003            B                TR
   54 00000052 F04F 0730 
                       SPL     MOV              R7,#48
   55 00000056 700F            STRB             R7,[R1]
   56 00000058 1C49            ADDS             R1,R1,#1
   57 0000005A F04F 0700 
                       TR      MOV              R7, #0
   58 0000005E 700F            STRB             R7, [R1]
   59 00000060 E8BD 0FF0       POP{R4-R11}
   60 00000064         
   61 00000064 4770            BX               LR
   62 00000066         ;* * * * * * * * End of Dec2String * * * * * * * *
   63 00000066         
   64 00000066         
   65 00000066         ; -----------------------Fix2String---------------------
                       -
   66 00000066         ; Create characters for LCD display in fixed-point forma
                       t
   67 00000066         ; unsigned decimal, resolution 0.001, range 0.000 to 9.9
                       99
   68 00000066         ; Inputs:  R0 is an unsigned 32-bit number
   69 00000066         ;          R1 pointer to empty array
   70 00000066         ; Outputs: none
   71 00000066         ; E.g., R0=0,    then create "0.000 "
   72 00000066         ;       R0=3,    then create "0.003"
   73 00000066         ;       R0=89,   then create "0.089"
   74 00000066         ;       R0=123,  then create "0.123"
   75 00000066         ;       R0=9999, then create "9.999"
   76 00000066         ;       R0>9999, then create "*.***"
   77 00000066         ; Invariables: This function must not permanently modify
                        registers R4 to R11
   78 00000066         Fix2String
   79 00000066 E92D 0FF0       PUSH             {R4-R11}
   80 0000006A F242 720F       LDR              R2,=9999
   81 0000006E 4290            CMP              R0,R2
   82 00000070 D82D            BHI              ERR
   83 00000072 F04F 0201       MOV              R2,#1
   84 00000076         
   85 00000076 F04F 0204       MOV              R2,#4       ;UP TO 4 digit (999
                                                            9)
   86 0000007A F04F 050A       MOV              R5,#10      ;base 10
   87 0000007E F04F 0601 
                       HT2     MOV              R6,#1
   88 00000082 1E52            SUBS             R2,R2,#1
   89 00000084 4613            MOV              R3,R2
   90 00000086         
   91 00000086 2B02            CMP              R3,#2
   92 00000088 D104            BNE              DB2
   93 0000008A F04F 082E       MOV              R8,#46
   94 0000008E F881 8000       STRB             R8,[R1]
   95 00000092 1C49            ADDS             R1,R1,#1
   96 00000094 2B00    DB2     CMP              R3,#0
   97 00000096 D004            BEQ              OD2
   98 00000098 FB06 F605 
                       TD      MUL              R6,R6,R5
   99 0000009C F113 33FF       ADDS             R3,R3,#-1



ARM Macro Assembler    Page 3 


  100 000000A0 E7F8            B                DB2
  101 000000A2 FBB0 F7F6 
                       OD2     UDIV             R7,R0,R6
  102 000000A6 FB07 F806       MUL              R8,R7,R6
  103 000000AA F107 0730       ADD              R7,R7,#48
  104 000000AE 700F            STRB             R7,[R1]
  105 000000B0 1C49            ADDS             R1,R1,#1
  106 000000B2 EBB0 0008       SUBS             R0,R0,R8
  107 000000B6 2A00            CMP              R2,#0
  108 000000B8 D1E1            BNE              HT2
  109 000000BA F04F 0720       MOV              R7,#32
  110 000000BE 700F            STRB             R7,[R1]
  111 000000C0 1C49            ADDS             R1,R1,#1
  112 000000C2 F04F 0700       MOV              R7,#0
  113 000000C6 700F            STRB             R7,[R1]
  114 000000C8 E8BD 0FF0       POP              {R4-R11}
  115 000000CC 4770            BX               LR
  116 000000CE         
  117 000000CE F04F 022A 
                       ERR     MOV              R2,#42
  118 000000D2 700A            STRB             R2,[R1]
  119 000000D4 1C49            ADDS             R1,R1,#1
  120 000000D6 F04F 022E       MOV              R2,#46
  121 000000DA 700A            STRB             R2,[R1]
  122 000000DC 1C49            ADDS             R1,R1,#1
  123 000000DE F04F 022A       MOV              R2,#42
  124 000000E2 700A            STRB             R2,[R1]
  125 000000E4 1C49            ADDS             R1,R1,#1
  126 000000E6 F04F 022A       MOV              R2,#42
  127 000000EA 700A            STRB             R2,[R1]
  128 000000EC 1C49            ADDS             R1,R1,#1
  129 000000EE F04F 022A       MOV              R2,#42
  130 000000F2 700A            STRB             R2,[R1]
  131 000000F4 1C49            ADDS             R1,R1,#1
  132 000000F6 F04F 0200       MOV              R2,#0
  133 000000FA 700A            STRB             R2,[R1]
  134 000000FC 1C49            ADDS             R1,R1,#1
  135 000000FE E8BD 0FF0       POP              {R4-R11}
  136 00000102 4770            BX               LR
  137 00000104         
  138 00000104         
  139 00000104         
  140 00000104         
  141 00000104         
  142 00000104         
  143 00000104                 ALIGN                        ; make sure the end
                                                             of this section is
                                                             aligned
  144 00000104                 END                          ; end of file
Command Line: --debug --xref --diag_suppress=9931,A1950W --cpu=Cortex-M4 --fpu=
SoftVFP --depend=.\stringconversion.d -o.\stringconversion.o -I.\RTE\_Lab9 -IC:
\Users\joshu\AppData\Local\Arm\Packs\ARM\CMSIS\5.9.0\CMSIS\Core\Include -IC:\Us
ers\joshu\AppData\Local\Arm\Packs\Keil\TM4C_DFP\1.1.0\Device\Include\TM4C123 --
predefine="__EVAL SETA 1" --predefine="__UVISION_VERSION SETA 538" --predefine=
"_RTE_ SETA 1" --predefine="TM4C123GH6PM SETA 1" --predefine="_RTE_ SETA 1" --l
ist=.\stringconversion.lst ..\inc\StringConversion.s



ARM Macro Assembler    Page 1 Alphabetic symbol ordering
Relocatable symbols

.text 00000000

Symbol: .text
   Definitions
      At line 12 in file ..\inc\StringConversion.s
   Uses
      None
Comment: .text unused
CHK 00000026

Symbol: CHK
   Definitions
      At line 37 in file ..\inc\StringConversion.s
   Uses
      At line 33 in file ..\inc\StringConversion.s
Comment: CHK used once
CNT 0000003C

Symbol: CNT
   Definitions
      At line 46 in file ..\inc\StringConversion.s
   Uses
      None
Comment: CNT unused
DB2 00000094

Symbol: DB2
   Definitions
      At line 96 in file ..\inc\StringConversion.s
   Uses
      At line 92 in file ..\inc\StringConversion.s
      At line 100 in file ..\inc\StringConversion.s

DBP 00000018

Symbol: DBP
   Definitions
      At line 32 in file ..\inc\StringConversion.s
   Uses
      At line 36 in file ..\inc\StringConversion.s
Comment: DBP used once
Dec2String 00000000

Symbol: Dec2String
   Definitions
      At line 24 in file ..\inc\StringConversion.s
   Uses
      At line 10 in file ..\inc\StringConversion.s
Comment: Dec2String used once
ERR 000000CE

Symbol: ERR
   Definitions
      At line 117 in file ..\inc\StringConversion.s
   Uses
      At line 82 in file ..\inc\StringConversion.s
Comment: ERR used once
Fix2String 00000066




ARM Macro Assembler    Page 2 Alphabetic symbol ordering
Relocatable symbols

Symbol: Fix2String
   Definitions
      At line 78 in file ..\inc\StringConversion.s
   Uses
      At line 11 in file ..\inc\StringConversion.s
Comment: Fix2String used once
HT2 0000007E

Symbol: HT2
   Definitions
      At line 87 in file ..\inc\StringConversion.s
   Uses
      At line 108 in file ..\inc\StringConversion.s
Comment: HT2 used once
HTD 00000010

Symbol: HTD
   Definitions
      At line 29 in file ..\inc\StringConversion.s
   Uses
      At line 42 in file ..\inc\StringConversion.s
      At line 52 in file ..\inc\StringConversion.s

OD2 000000A2

Symbol: OD2
   Definitions
      At line 101 in file ..\inc\StringConversion.s
   Uses
      At line 97 in file ..\inc\StringConversion.s
Comment: OD2 used once
ODL 00000038

Symbol: ODL
   Definitions
      At line 45 in file ..\inc\StringConversion.s
   Uses
      At line 38 in file ..\inc\StringConversion.s
Comment: ODL used once
SPL 00000052

Symbol: SPL
   Definitions
      At line 54 in file ..\inc\StringConversion.s
   Uses
      At line 40 in file ..\inc\StringConversion.s
Comment: SPL used once
TD 00000098

Symbol: TD
   Definitions
      At line 98 in file ..\inc\StringConversion.s
   Uses
      None
Comment: TD unused
TR 0000005A

Symbol: TR
   Definitions



ARM Macro Assembler    Page 3 Alphabetic symbol ordering
Relocatable symbols

      At line 57 in file ..\inc\StringConversion.s
   Uses
      At line 53 in file ..\inc\StringConversion.s
Comment: TR used once
15 symbols
349 symbols in table
