


ARM Macro Assembler    Page 1 


    1 00000000         ; BusyWait.s
    2 00000000         ; Student names: Yunjae Jo, Hyukjoo Chung
    3 00000000         ; Last modification date: 3/7/2023
    4 00000000         
    5 00000000         ; Runs on TM4C123
    6 00000000         
    7 00000000         ; As part of Lab 7, students need to implement these two
                        functions
    8 00000000         ; This file is in the inc folder so it automatically wil
                       l be applied to labs 7 8 9 and 10
    9 00000000         
   10 00000000         
   11 00000000                 EXPORT           SPIOutCommand
   12 00000000                 EXPORT           SPIOutData
   13 00000000         
   14 00000000                 AREA             |.text|, CODE, READONLY, ALIGN=
2
   15 00000000                 THUMB
   16 00000000                 ALIGN
   17 00000000         ; Used in ECE319K Labs 7,8,9,10. You write these two fun
                       ctions
   18 00000000         
   19 00000000         ; ***********SPIOutCommand*****************
   20 00000000         ; This is a helper function that sends an 8-bit command 
                       to the LCD.
   21 00000000         ; Inputs: R0 = 32-bit command (number)
   22 00000000         ;         R1 = 32-bit SPI status register address
   23 00000000         ;         R2 = 32-bit SPI data register address
   24 00000000         ;         R3 = 32-bit GPIO port address for D/C
   25 00000000         ; Outputs: none
   26 00000000         ; Assumes: SPI and GPIO have already been initialized an
                       d enabled
   27 00000000         ; Note: must be AAPCS compliant
   28 00000000         ; Note: access to bit 6 of GPIO must be friendly
   29 00000000         SPIOutCommand
   30 00000000         ; --UUU-- Code to write a command to the LCD
   31 00000000         ;1) Read the SPI status register (R1 has address) and ch
                       eck bit 4, 
   32 00000000         ;2) If bit 4 is high, loop back to step 1 (wait for BUSY
                        bit to be low)
   33 00000000         ;3) Clear D/C (GPIO bit 6) to zero, be friendly (R3 has 
                       address)
   34 00000000         ;4) Write the command to the SPI data register (R2 has a
                       ddress)
   35 00000000         ;5) Read the SPI status register (R1 has address) and ch
                       eck bit 4, 
   36 00000000         ;6) If bit 4 is high, loop back to step 5 (wait for BUSY
                        bit to be low)
   37 00000000 B4F0            PUSH             {R4-R7}
   38 00000002         LS
   39 00000002 680D            LDR              R5, [R1]
   40 00000004 F005 0410       AND              R4, R5, #0x10
   41 00000008 2C10            CMP              R4, #0x10
   42 0000000A D0FA            BEQ              LS
   43 0000000C         
   44 0000000C 681E            LDR              R6, [R3]
   45 0000000E F026 0640       BIC              R6,R6,#0x40
   46 00000012 701E            STRB             R6, [R3]
   47 00000014         



ARM Macro Assembler    Page 2 


   48 00000014 7010            STRB             R0,[R2]
   49 00000016         
   50 00000016         LS2
   51 00000016 680D            LDR              R5, [R1]
   52 00000018 F005 0410       AND              R4, R5, #0x10
   53 0000001C 2C10            CMP              R4, #0x10
   54 0000001E D0FA            BEQ              LS2
   55 00000020         
   56 00000020 BCF0            POP              {R4-R7}
   57 00000022         
   58 00000022 4770            BX               LR          ;   return
   59 00000024         
   60 00000024         
   61 00000024         
   62 00000024         ; ***********SPIOutData*****************
   63 00000024         ; This is a helper function that sends an 8-bit data to 
                       the LCD.
   64 00000024         ; Inputs: R0 = 32-bit data (number)
   65 00000024         ;         R1 = 32-bit SPI status register address
   66 00000024         ;         R2 = 32-bit SPI data register address
   67 00000024         ;         R3 = 32-bit GPIO port address for D/C
   68 00000024         ; Outputs: none
   69 00000024         ; Assumes: SPI and GPIO have already been initialized an
                       d enabled
   70 00000024         ; Note: must be AAPCS compliant
   71 00000024         ; Note: access to bit 6 of GPIO must be friendly
   72 00000024         SPIOutData
   73 00000024         ; --UUU-- Code to write data to the LCD
   74 00000024         ;1) Read the SPI status register (R1 has address) and ch
                       eck bit 1, 
   75 00000024         ;2) If bit 1 is low, loop back to step 1 (wait for TNF b
                       it to be high)
   76 00000024         ;3) Set D/C (GPIO bit 6) to one, be friendly (R3 has add
                       ress)
   77 00000024         ;4) Write the data to the SPI data register (R2 has addr
                       ess)
   78 00000024 E92D 0FF0       PUSH             {R4-R11}
   79 00000028         LD2
   80 00000028 680C            LDR              R4,[R1]
   81 0000002A F004 0502       AND              R5,R4,#0x02
   82 0000002E 2D02            CMP              R5,#0x02
   83 00000030 D1FA            BNE              LD2
   84 00000032 681E            LDR              R6,[R3]
   85 00000034 F046 0640       ORR              R6,R6,#0x40
   86 00000038 701E            STRB             R6, [R3]
   87 0000003A 7010            STRB             R0,[R2]
   88 0000003C E8BD 0FF0       POP              {R4-R11}
   89 00000040         
   90 00000040 4770            BX               LR          ;return
   91 00000042         ;****************************************************
   92 00000042         
   93 00000042 00 00           ALIGN                        ; make sure the end
                                                             of this section is
                                                             aligned
   94 00000044                 END                          ; end of file
Command Line: --debug --xref --diag_suppress=9931,A1950W --cpu=Cortex-M4 --fpu=
SoftVFP --depend=.\busywait.d -o.\busywait.o -I.\RTE\_SpaceInvaders -IC:\Users\
yunja\AppData\Local\Arm\Packs\ARM\CMSIS\5.9.0\CMSIS\Core\Include -IC:\Users\yun
ja\AppData\Local\Arm\Packs\Keil\TM4C_DFP\1.1.0\Device\Include\TM4C123 --predefi



ARM Macro Assembler    Page 3 


ne="__EVAL SETA 1" --predefine="__UVISION_VERSION SETA 538" --predefine="_RTE_ 
SETA 1" --predefine="TM4C123GH6PM SETA 1" --predefine="_RTE_ SETA 1" --list=.\b
usywait.lst ..\inc\BusyWait.s



ARM Macro Assembler    Page 1 Alphabetic symbol ordering
Relocatable symbols

.text 00000000

Symbol: .text
   Definitions
      At line 14 in file ..\inc\BusyWait.s
   Uses
      None
Comment: .text unused
LD2 00000028

Symbol: LD2
   Definitions
      At line 79 in file ..\inc\BusyWait.s
   Uses
      At line 83 in file ..\inc\BusyWait.s
Comment: LD2 used once
LS 00000002

Symbol: LS
   Definitions
      At line 38 in file ..\inc\BusyWait.s
   Uses
      At line 42 in file ..\inc\BusyWait.s
Comment: LS used once
LS2 00000016

Symbol: LS2
   Definitions
      At line 50 in file ..\inc\BusyWait.s
   Uses
      At line 54 in file ..\inc\BusyWait.s
Comment: LS2 used once
SPIOutCommand 00000000

Symbol: SPIOutCommand
   Definitions
      At line 29 in file ..\inc\BusyWait.s
   Uses
      At line 11 in file ..\inc\BusyWait.s
Comment: SPIOutCommand used once
SPIOutData 00000024

Symbol: SPIOutData
   Definitions
      At line 72 in file ..\inc\BusyWait.s
   Uses
      At line 12 in file ..\inc\BusyWait.s
Comment: SPIOutData used once
6 symbols
340 symbols in table
